2022-01-05 23:31:47,070 [DEBUG] io.netty.util.internal.logging.InternalLoggerFactory  - Using Log4J as the default logging framework
2022-01-05 23:31:47,079 [DEBUG] io.netty.util.ResourceLeakDetector  - -Dio.netty.leakDetection.level: simple
2022-01-05 23:31:47,079 [DEBUG] io.netty.util.ResourceLeakDetector  - -Dio.netty.leakDetection.targetRecords: 4
2022-01-05 23:31:47,087 [DEBUG] io.netty.util.ResourceLeakDetectorFactory  - Loaded default ResourceLeakDetector: io.netty.util.ResourceLeakDetector@1816e24a
2022-01-05 23:31:47,120 [DEBUG] io.netty.util.internal.PlatformDependent0  - -Dio.netty.noUnsafe: false
2022-01-05 23:31:47,121 [DEBUG] io.netty.util.internal.PlatformDependent0  - Java version: 16
2022-01-05 23:31:47,122 [DEBUG] io.netty.util.internal.PlatformDependent0  - sun.misc.Unsafe.theUnsafe: available
2022-01-05 23:31:47,123 [DEBUG] io.netty.util.internal.PlatformDependent0  - sun.misc.Unsafe.copyMemory: available
2022-01-05 23:31:47,124 [DEBUG] io.netty.util.internal.PlatformDependent0  - java.nio.Buffer.address: available
2022-01-05 23:31:47,125 [DEBUG] io.netty.util.internal.PlatformDependent0  - direct buffer constructor: unavailable: Reflective setAccessible(true) disabled
2022-01-05 23:31:47,126 [DEBUG] io.netty.util.internal.PlatformDependent0  - java.nio.Bits.unaligned: available, true
2022-01-05 23:31:47,128 [DEBUG] io.netty.util.internal.PlatformDependent0  - jdk.internal.misc.Unsafe.allocateUninitializedArray(int): unavailable: class io.netty.util.internal.PlatformDependent0$6 cannot access class jdk.internal.misc.Unsafe (in module java.base) because module java.base does not export jdk.internal.misc to unnamed module @5bcab519
2022-01-05 23:31:47,131 [DEBUG] io.netty.util.internal.PlatformDependent0  - java.nio.DirectByteBuffer.<init>(long, int): unavailable
2022-01-05 23:31:47,131 [DEBUG] io.netty.util.internal.PlatformDependent  - sun.misc.Unsafe: available
2022-01-05 23:31:47,158 [DEBUG] io.netty.util.internal.PlatformDependent  - maxDirectMemory: 1595932672 bytes (maybe)
2022-01-05 23:31:47,158 [DEBUG] io.netty.util.internal.PlatformDependent  - -Dio.netty.tmpdir: C:\Users\seenuvas\AppData\Local\Temp (java.io.tmpdir)
2022-01-05 23:31:47,158 [DEBUG] io.netty.util.internal.PlatformDependent  - -Dio.netty.bitMode: 64 (sun.arch.data.model)
2022-01-05 23:31:47,159 [DEBUG] io.netty.util.internal.PlatformDependent  - Platform: Windows
2022-01-05 23:31:47,160 [DEBUG] io.netty.util.internal.PlatformDependent  - -Dio.netty.maxDirectMemory: -1 bytes
2022-01-05 23:31:47,160 [DEBUG] io.netty.util.internal.PlatformDependent  - -Dio.netty.uninitializedArrayAllocationThreshold: -1
2022-01-05 23:31:47,162 [DEBUG] io.netty.util.internal.CleanerJava9  - java.nio.ByteBuffer.cleaner(): available
2022-01-05 23:31:47,162 [DEBUG] io.netty.util.internal.PlatformDependent  - -Dio.netty.noPreferDirect: false
2022-01-05 23:31:47,174 [DEBUG] io.netty.util.internal.PlatformDependent  - org.jctools-core.MpscChunkedArrayQueue: available
2022-01-05 23:31:47,205 [DEBUG] io.netty.util.internal.InternalThreadLocalMap  - -Dio.netty.threadLocalMap.stringBuilder.initialSize: 1024
2022-01-05 23:31:47,205 [DEBUG] io.netty.util.internal.InternalThreadLocalMap  - -Dio.netty.threadLocalMap.stringBuilder.maxSize: 4096
2022-01-05 23:31:47,228 [DEBUG] io.netty.handler.ssl.JdkSslContext  - Default protocols (JDK): [TLSv1.3, TLSv1.2] 
2022-01-05 23:31:47,228 [DEBUG] io.netty.handler.ssl.JdkSslContext  - Default cipher suites (JDK): [TLS_ECDHE_ECDSA_WITH_AES_256_GCM_SHA384, TLS_ECDHE_ECDSA_WITH_AES_128_GCM_SHA256, TLS_ECDHE_RSA_WITH_AES_128_GCM_SHA256, TLS_ECDHE_RSA_WITH_AES_256_GCM_SHA384, TLS_ECDHE_RSA_WITH_AES_128_CBC_SHA, TLS_ECDHE_RSA_WITH_AES_256_CBC_SHA, TLS_RSA_WITH_AES_128_GCM_SHA256, TLS_RSA_WITH_AES_128_CBC_SHA, TLS_RSA_WITH_AES_256_CBC_SHA, TLS_AES_128_GCM_SHA256, TLS_AES_256_GCM_SHA384]
2022-01-05 23:31:47,274 [DEBUG] io.netty.channel.MultithreadEventLoopGroup  - -Dio.netty.eventLoopThreads: 16
2022-01-05 23:31:47,290 [DEBUG] io.netty.channel.nio.NioEventLoop  - -Dio.netty.noKeySetOptimization: false
2022-01-05 23:31:47,290 [DEBUG] io.netty.channel.nio.NioEventLoop  - -Dio.netty.selectorAutoRebuildThreshold: 512
2022-01-05 23:31:47,407 [DEBUG] io.netty.buffer.PooledByteBufAllocator  - -Dio.netty.allocator.numHeapArenas: 15
2022-01-05 23:31:47,407 [DEBUG] io.netty.buffer.PooledByteBufAllocator  - -Dio.netty.allocator.numDirectArenas: 15
2022-01-05 23:31:47,407 [DEBUG] io.netty.buffer.PooledByteBufAllocator  - -Dio.netty.allocator.pageSize: 8192
2022-01-05 23:31:47,408 [DEBUG] io.netty.buffer.PooledByteBufAllocator  - -Dio.netty.allocator.maxOrder: 11
2022-01-05 23:31:47,408 [DEBUG] io.netty.buffer.PooledByteBufAllocator  - -Dio.netty.allocator.chunkSize: 16777216
2022-01-05 23:31:47,408 [DEBUG] io.netty.buffer.PooledByteBufAllocator  - -Dio.netty.allocator.smallCacheSize: 256
2022-01-05 23:31:47,408 [DEBUG] io.netty.buffer.PooledByteBufAllocator  - -Dio.netty.allocator.normalCacheSize: 64
2022-01-05 23:31:47,408 [DEBUG] io.netty.buffer.PooledByteBufAllocator  - -Dio.netty.allocator.maxCachedBufferCapacity: 32768
2022-01-05 23:31:47,408 [DEBUG] io.netty.buffer.PooledByteBufAllocator  - -Dio.netty.allocator.cacheTrimInterval: 8192
2022-01-05 23:31:47,408 [DEBUG] io.netty.buffer.PooledByteBufAllocator  - -Dio.netty.allocator.cacheTrimIntervalMillis: 0
2022-01-05 23:31:47,408 [DEBUG] io.netty.buffer.PooledByteBufAllocator  - -Dio.netty.allocator.useCacheForAllThreads: true
2022-01-05 23:31:47,408 [DEBUG] io.netty.buffer.PooledByteBufAllocator  - -Dio.netty.allocator.maxCachedByteBuffersPerChunk: 1023
2022-01-05 23:31:47,427 [DEBUG] io.netty.buffer.ByteBufUtil  - -Dio.netty.allocator.type: pooled
2022-01-05 23:31:47,428 [DEBUG] io.netty.buffer.ByteBufUtil  - -Dio.netty.threadLocalDirectBufferSize: 0
2022-01-05 23:31:47,428 [DEBUG] io.netty.buffer.ByteBufUtil  - -Dio.netty.maxThreadLocalCharBufferSize: 16384
2022-01-05 23:31:47,956 [DEBUG] io.netty.channel.DefaultChannelId  - -Dio.netty.processId: 28516 (auto-detected)
2022-01-05 23:31:47,959 [DEBUG] io.netty.util.NetUtil  - -Djava.net.preferIPv4Stack: false
2022-01-05 23:31:47,959 [DEBUG] io.netty.util.NetUtil  - -Djava.net.preferIPv6Addresses: false
2022-01-05 23:31:47,976 [DEBUG] io.netty.util.NetUtilInitializations  - Loopback interface: lo (Software Loopback Interface 1, 127.0.0.1)
2022-01-05 23:31:47,977 [DEBUG] io.netty.util.NetUtil  - Failed to get SOMAXCONN from sysctl and file \proc\sys\net\core\somaxconn. Default: 200
2022-01-05 23:31:48,018 [DEBUG] io.netty.channel.DefaultChannelId  - -Dio.netty.machineId: 00:e9:3a:ff:fe:be:00:3d (auto-detected)
2022-01-05 23:31:48,101 [DEBUG] io.netty.buffer.AbstractByteBuf  - -Dio.netty.buffer.checkAccessible: true
2022-01-05 23:31:48,101 [DEBUG] io.netty.buffer.AbstractByteBuf  - -Dio.netty.buffer.checkBounds: true
2022-01-05 23:31:48,102 [DEBUG] io.netty.util.ResourceLeakDetectorFactory  - Loaded default ResourceLeakDetector: io.netty.util.ResourceLeakDetector@15eda634
2022-01-05 23:31:48,136 [DEBUG] io.netty.util.Recycler  - -Dio.netty.recycler.maxCapacityPerThread: 4096
2022-01-05 23:31:48,136 [DEBUG] io.netty.util.Recycler  - -Dio.netty.recycler.maxSharedCapacityFactor: 2
2022-01-05 23:31:48,136 [DEBUG] io.netty.util.Recycler  - -Dio.netty.recycler.linkCapacity: 16
2022-01-05 23:31:48,136 [DEBUG] io.netty.util.Recycler  - -Dio.netty.recycler.ratio: 8
2022-01-05 23:31:48,136 [DEBUG] io.netty.util.Recycler  - -Dio.netty.recycler.delayedQueue.ratio: 8
2022-01-05 23:31:49,198 [DEBUG] io.netty.handler.codec.compression.Brotli  - brotli4j not in the classpath; Brotli support will be unavailable.
2022-01-05 23:31:49,389 [DEBUG] io.netty.util.internal.ThreadLocalRandom  - -Dio.netty.initialSeedUniquifier: 0xa164f6380519bcfe
2022-01-05 23:32:44,793 [DEBUG] io.netty.buffer.PoolThreadCache  - Freed 2 thread-local buffer(s) from thread: AsyncHttpClient-1-6
2022-01-05 23:32:44,793 [DEBUG] io.netty.buffer.PoolThreadCache  - Freed 2 thread-local buffer(s) from thread: AsyncHttpClient-1-3
2022-01-05 23:32:44,793 [DEBUG] io.netty.buffer.PoolThreadCache  - Freed 15 thread-local buffer(s) from thread: AsyncHttpClient-1-8
2022-01-05 23:32:44,793 [DEBUG] io.netty.buffer.PoolThreadCache  - Freed 4 thread-local buffer(s) from thread: AsyncHttpClient-1-7
2022-01-05 23:32:44,794 [DEBUG] io.netty.buffer.PoolThreadCache  - Freed 13 thread-local buffer(s) from thread: AsyncHttpClient-1-5
2022-01-05 23:32:44,794 [DEBUG] io.netty.buffer.PoolThreadCache  - Freed 15 thread-local buffer(s) from thread: AsyncHttpClient-1-2
2022-01-05 23:32:44,794 [DEBUG] io.netty.buffer.PoolThreadCache  - Freed 4 thread-local buffer(s) from thread: AsyncHttpClient-1-4
2022-01-05 23:32:44,795 [DEBUG] io.netty.buffer.PoolThreadCache  - Freed 2 thread-local buffer(s) from thread: AsyncHttpClient-1-9
2022-01-05 23:32:44,797 [DEBUG] io.netty.buffer.PoolThreadCache  - Freed 4 thread-local buffer(s) from thread: AsyncHttpClient-1-10
